CREATE TABLE aqo_test0(a int, b int, c int, d int);
WITH RECURSIVE t(a, b, c, d)
AS (
   VALUES (0, 0, 0, 0)
   UNION ALL
   SELECT t.a + 1, t.b + 1, t.c + 1, t.d + 1 FROM t WHERE t.a < 2000
) INSERT INTO aqo_test0 (SELECT * FROM t);
CREATE INDEX aqo_test0_idx_a ON aqo_test0 (a);
ANALYZE aqo_test0;
CREATE TABLE aqo_test1(a int, b int);
WITH RECURSIVE t(a, b)
AS (
   VALUES (1, 2)
   UNION ALL
   SELECT t.a + 1, t.b + 1 FROM t WHERE t.a < 20
) INSERT INTO aqo_test1 (SELECT * FROM t);
CREATE INDEX aqo_test1_idx_a ON aqo_test1 (a);
ANALYZE aqo_test1;
SET aqo.mode = 'disabled';
CREATE TABLE tmp1 AS SELECT * FROM aqo_test0
WHERE a < 3 AND b < 3 AND c < 3 AND d < 3;
SELECT count(*) FROM tmp1;
 count 
-------
     3
(1 row)

DROP TABLE tmp1;
CREATE TABLE tmp1 AS SELECT t1.a, t2.b, t3.c
FROM aqo_test1 AS t1, aqo_test0 AS t2, aqo_test0 AS t3
WHERE t1.a < 1 AND t3.b < 1 AND t2.c < 1 AND t3.d < 0 AND t1.a = t2.a AND t1.b = t3.b;
SELECT count(*) FROM tmp1;
 count 
-------
     0
(1 row)

DROP TABLE tmp1;
EXPLAIN SELECT * FROM aqo_test0
WHERE a < 3 AND b < 3 AND c < 3 AND d < 3;
                                    QUERY PLAN                                    
----------------------------------------------------------------------------------
 Index Scan using aqo_test0_idx_a on aqo_test0  (cost=0.28..8.35 rows=1 width=16)
   Index Cond: (a < 3)
   Filter: ((b < 3) AND (c < 3) AND (d < 3))
(3 rows)

EXPLAIN SELECT t1.a, t2.b, t3.c
FROM aqo_test1 AS t1, aqo_test0 AS t2, aqo_test0 AS t3
WHERE t1.a < 1 AND t3.b < 1 AND t2.c < 1 AND t3.d < 0 AND t1.a = t2.a AND t1.b = t3.b;
                                           QUERY PLAN                                           
------------------------------------------------------------------------------------------------
 Nested Loop  (cost=0.28..50.59 rows=1 width=12)
   Join Filter: (t1.b = t3.b)
   ->  Nested Loop  (cost=0.28..9.56 rows=1 width=12)
         ->  Seq Scan on aqo_test1 t1  (cost=0.00..1.25 rows=1 width=8)
               Filter: (a < 1)
         ->  Index Scan using aqo_test0_idx_a on aqo_test0 t2  (cost=0.28..8.30 rows=1 width=8)
               Index Cond: (a = t1.a)
               Filter: (c < 1)
   ->  Seq Scan on aqo_test0 t3  (cost=0.00..41.02 rows=1 width=8)
         Filter: ((b < 1) AND (d < 0))
(10 rows)

CREATE EXTENSION aqo;
SET aqo.mode = 'intelligent';
CREATE TABLE tmp1 AS SELECT * FROM aqo_test0
WHERE a < 3 AND b < 3 AND c < 3 AND d < 3;
SELECT count(*) FROM tmp1;
 count 
-------
     3
(1 row)

DROP TABLE tmp1;
CREATE TABLE tmp1 AS SELECT t1.a, t2.b, t3.c
FROM aqo_test1 AS t1, aqo_test0 AS t2, aqo_test0 AS t3
WHERE t1.a < 1 AND t3.b < 1 AND t2.c < 1 AND t3.d < 0 AND t1.a = t2.a AND t1.b = t3.b;
SELECT count(*) FROM tmp1;
 count 
-------
     0
(1 row)

DROP TABLE tmp1;
SET aqo.mode = 'controlled';
UPDATE aqo_queries SET learn_aqo = true, use_aqo = true, auto_tuning = false;
EXPLAIN SELECT * FROM aqo_test0
WHERE a < 3 AND b < 3 AND c < 3 AND d < 3;
                                    QUERY PLAN                                    
----------------------------------------------------------------------------------
 Index Scan using aqo_test0_idx_a on aqo_test0  (cost=0.28..8.35 rows=3 width=16)
   Index Cond: (a < 3)
   Filter: ((b < 3) AND (c < 3) AND (d < 3))
(3 rows)

EXPLAIN SELECT t1.a, t2.b, t3.c
FROM aqo_test1 AS t1, aqo_test0 AS t2, aqo_test0 AS t3
WHERE t1.a < 1 AND t3.b < 1 AND t2.c < 1 AND t3.d < 0 AND t1.a = t2.a AND t1.b = t3.b;
                                           QUERY PLAN                                           
------------------------------------------------------------------------------------------------
 Nested Loop  (cost=0.28..50.59 rows=1 width=12)
   Join Filter: (t1.b = t3.b)
   ->  Nested Loop  (cost=0.28..9.56 rows=1 width=12)
         ->  Seq Scan on aqo_test1 t1  (cost=0.00..1.25 rows=1 width=8)
               Filter: (a < 1)
         ->  Index Scan using aqo_test0_idx_a on aqo_test0 t2  (cost=0.28..8.30 rows=1 width=8)
               Index Cond: (a = t1.a)
               Filter: (c < 1)
   ->  Seq Scan on aqo_test0 t3  (cost=0.00..41.02 rows=1 width=8)
         Filter: ((b < 1) AND (d < 0))
(10 rows)

SET aqo.mode = 'disabled';
EXPLAIN SELECT * FROM aqo_test0
WHERE a < 3 AND b < 3 AND c < 3 AND d < 3;
                                    QUERY PLAN                                    
----------------------------------------------------------------------------------
 Index Scan using aqo_test0_idx_a on aqo_test0  (cost=0.28..8.35 rows=1 width=16)
   Index Cond: (a < 3)
   Filter: ((b < 3) AND (c < 3) AND (d < 3))
(3 rows)

EXPLAIN SELECT t1.a, t2.b, t3.c
FROM aqo_test1 AS t1, aqo_test0 AS t2, aqo_test0 AS t3
WHERE t1.a < 1 AND t3.b < 1 AND t2.c < 1 AND t3.d < 0 AND t1.a = t2.a AND t1.b = t3.b;
                                           QUERY PLAN                                           
------------------------------------------------------------------------------------------------
 Nested Loop  (cost=0.28..50.59 rows=1 width=12)
   Join Filter: (t1.b = t3.b)
   ->  Nested Loop  (cost=0.28..9.56 rows=1 width=12)
         ->  Seq Scan on aqo_test1 t1  (cost=0.00..1.25 rows=1 width=8)
               Filter: (a < 1)
         ->  Index Scan using aqo_test0_idx_a on aqo_test0 t2  (cost=0.28..8.30 rows=1 width=8)
               Index Cond: (a = t1.a)
               Filter: (c < 1)
   ->  Seq Scan on aqo_test0 t3  (cost=0.00..41.02 rows=1 width=8)
         Filter: ((b < 1) AND (d < 0))
(10 rows)

DROP EXTENSION aqo;
DROP INDEX aqo_test0_idx_a;
DROP TABLE aqo_test0;
DROP INDEX aqo_test1_idx_a;
DROP TABLE aqo_test1;
