CREATE TABLE aqo_test0(a int, b int, c int, d int);
WITH RECURSIVE t(a, b, c, d)
AS (
   VALUES (0, 0, 0, 0)
   UNION ALL
   SELECT t.a + 1, t.b + 1, t.c + 1, t.d + 1 FROM t WHERE t.a < 2000
) INSERT INTO aqo_test0 (SELECT * FROM t);
CREATE INDEX aqo_test0_idx_a ON aqo_test0 (a);
ANALYZE aqo_test0;
CREATE EXTENSION aqo;
SELECT true FROM aqo_reset();
 ?column? 
----------
 t
(1 row)

SET aqo.join_threshold = 0;
SET aqo.mode = 'learn';
SET aqo.cleanup_bgworker = 'true';
CREATE OR REPLACE FUNCTION wait_bgworker(value int, timeout_ms int)
RETURNS void
AS $$
DECLARE
   cnt      int;
   endtime  timestamp;
   curtime  timestamp;
BEGIN
   SELECT  now() + make_interval(secs := timeout_ms * 1000) INTO endtime;
   SELECT count(*) FROM aqo_queries INTO cnt;
   WHILE (cnt <> value) LOOP
      SELECT count(*) FROM aqo_queries INTO cnt;
      SELECT now() INTO curtime;
      IF (curtime > endtime) THEN
         raise EXCEPTION 'Wait inturrupted because of timeout';
         EXIT;
      END IF;
   END LOOP;
   raise NOTICE 'Successful AQO cleanup of bgworker process';
END;
$$ LANGUAGE PLPGSQL VOLATILE;
EXPLAIN SELECT t1.a, t2.b FROM aqo_test0 AS t1, aqo_test0 AS t2
WHERE t1.a < 1 AND t1.b < 1 AND t2.c < 1 AND t2.d < 1;
                                        QUERY PLAN                                        
------------------------------------------------------------------------------------------
 Nested Loop  (cost=0.28..49.32 rows=1 width=8)
   ->  Index Scan using aqo_test0_idx_a on aqo_test0 t1  (cost=0.28..8.30 rows=1 width=4)
         Index Cond: (a < 1)
         Filter: (b < 1)
   ->  Seq Scan on aqo_test0 t2  (cost=0.00..41.02 rows=1 width=4)
         Filter: ((c < 1) AND (d < 1))
(6 rows)

-- Test 1 : delete 1 out of 1 entry
SELECT count(*) FROM aqo_queries;
 count 
-------
     2
(1 row)

DROP TABLE aqo_test0;
CREATE TABLE IF NOT EXISTS aqo_test0(a int, b int, c int, d int);
WITH RECURSIVE t(a, b, c, d)
AS (
   VALUES (0, 0, 0, 0)
   UNION ALL
   SELECT t.a + 1, t.b + 1, t.c + 1, t.d + 1 FROM t WHERE t.a < 2000
) INSERT INTO aqo_test0 (SELECT * FROM t);
CREATE INDEX aqo_test0_idx_a ON aqo_test0 (a);
ANALYZE aqo_test0;
CREATE TABLE aqo_test1(a int, b int);
WITH RECURSIVE t(a, b)
AS (
   VALUES (1, 2)
   UNION ALL
   SELECT t.a + 1, t.b + 1 FROM t WHERE t.a < 20
) INSERT INTO aqo_test1 (SELECT * FROM t);
CREATE INDEX aqo_test1_idx_a ON aqo_test1 (a);
ANALYZE aqo_test1;
SELECT wait_bgworker(1, 100);
NOTICE:  Successful AQO cleanup of bgworker process
 wait_bgworker 
---------------
 
(1 row)

EXPLAIN SELECT * FROM aqo_test0
WHERE a < 3 AND b < 3 AND c < 3 AND d < 3;
                                    QUERY PLAN                                    
----------------------------------------------------------------------------------
 Index Scan using aqo_test0_idx_a on aqo_test0  (cost=0.28..8.35 rows=1 width=16)
   Index Cond: (a < 3)
   Filter: ((b < 3) AND (c < 3) AND (d < 3))
(3 rows)

EXPLAIN SELECT * FROM aqo_test1
WHERE a < 4 AND b < 4;
                       QUERY PLAN                        
---------------------------------------------------------
 Seq Scan on aqo_test1  (cost=0.00..1.30 rows=1 width=8)
   Filter: ((a < 4) AND (b < 4))
(2 rows)

-- Test2: Must delete 1 out of 2 entries
SELECT wait_bgworker(3, 100);
NOTICE:  Successful AQO cleanup of bgworker process
 wait_bgworker 
---------------
 
(1 row)

DROP TABLE aqo_test1;
CREATE TABLE IF NOT EXISTS aqo_test1(a int, b int);
WITH RECURSIVE t(a, b)
AS (
   VALUES (1, 2)
   UNION ALL
   SELECT t.a + 1, t.b + 1 FROM t WHERE t.a < 20
) INSERT INTO aqo_test1 (SELECT * FROM t);
CREATE INDEX aqo_test1_idx_a ON aqo_test1 (a);
ANALYZE aqo_test1;
SELECT wait_bgworker(1, 100);
NOTICE:  Successful AQO cleanup of bgworker process
 wait_bgworker 
---------------
 
(1 row)

EXPLAIN SELECT * FROM aqo_test0
WHERE a < 3 AND b < 3 AND c < 3 AND d < 3;
                                    QUERY PLAN                                    
----------------------------------------------------------------------------------
 Index Scan using aqo_test0_idx_a on aqo_test0  (cost=0.28..8.35 rows=1 width=16)
   Index Cond: (a < 3)
   Filter: ((b < 3) AND (c < 3) AND (d < 3))
(3 rows)

EXPLAIN SELECT * FROM aqo_test1
WHERE a < 4 AND b < 4;
                       QUERY PLAN                        
---------------------------------------------------------
 Seq Scan on aqo_test1  (cost=0.00..1.30 rows=1 width=8)
   Filter: ((a < 4) AND (b < 4))
(2 rows)

-- Test3: delete 2 out of 2 entries
SELECT wait_bgworker(3, 100);
NOTICE:  Successful AQO cleanup of bgworker process
 wait_bgworker 
---------------
 
(1 row)

DROP TABLE aqo_test0;
DROP TABLE aqo_test1;
SELECT wait_bgworker(1, 100);
NOTICE:  Successful AQO cleanup of bgworker process
 wait_bgworker 
---------------
 
(1 row)

SET aqo.cleanup_bgworker = 'false';
DROP EXTENSION aqo;
